[2023-11-15 19:28:22,672][conftest.py 22][INFO]: 开始执行测试用例。。。
[2023-11-15 19:28:22,678][rest_client.py 87][INFO]: 接口请求地址>>>>https://api.binstd.com/shouji/query
[2023-11-15 19:28:22,679][rest_client.py 88][INFO]: 接口请求方法>>>>GET
[2023-11-15 19:28:22,679][rest_client.py 95][INFO]: 接口请求params参数>>>>
{
  "shouji": 13371115555,
  "appkey": "9508bd66e49ce0e1"
}
[2023-11-15 19:28:23,243][response_util.py 18][INFO]: 接口的返回内容>>>>{"status": "103", "msg": "APPKEY无请求此数据权限", "result": ""}
[2023-11-15 19:28:23,245][conftest.py 24][INFO]: 测试用例执行完毕！
[2023-11-15 19:32:31,179][conftest.py 22][INFO]: 开始执行测试用例。。。
[2023-11-15 19:32:31,186][rest_client.py 90][INFO]: 接口请求地址>>>>https://api.binstd.com/shouji/query
[2023-11-15 19:32:31,187][rest_client.py 91][INFO]: 接口请求方法>>>>GET
[2023-11-15 19:32:31,187][rest_client.py 98][INFO]: 接口请求params参数>>>>
{
  "shouji": 13371115555,
  "appkey": "9508bd66e49ce0e1"
}
[2023-11-15 19:32:31,311][response_util.py 18][INFO]: 接口的返回内容>>>>{"status": "103", "msg": "APPKEY无请求此数据权限", "result": ""}
[2023-11-15 19:32:31,312][conftest.py 24][INFO]: 测试用例执行完毕！
[2023-11-15 19:36:13,421][conftest.py 22][INFO]: 开始执行测试用例。。。
[2023-11-15 19:36:13,428][rest_client.py 91][INFO]: 接口请求地址>>>>https://api.binstd.com/shouji/query
[2023-11-15 19:36:13,428][rest_client.py 92][INFO]: 接口请求方法>>>>GET
[2023-11-15 19:36:13,428][rest_client.py 99][INFO]: 接口请求params参数>>>>
{
  "shouji": 13371115555,
  "appkey": "9508bd66e49ce0e1"
}
[2023-11-15 19:36:13,535][response_util.py 18][INFO]: 接口的返回内容>>>>{"status": "103", "msg": "APPKEY无请求此数据权限", "result": ""}
[2023-11-15 19:36:13,536][conftest.py 24][INFO]: 测试用例执行完毕！
[2023-11-15 19:40:46,916][conftest.py 22][INFO]: 开始执行测试用例。。。
[2023-11-15 19:40:46,923][rest_client.py 87][INFO]: 接口请求地址>>>>https://api.binstd.com/shouji/query
[2023-11-15 19:40:46,923][rest_client.py 88][INFO]: 接口请求方法>>>>GET
[2023-11-15 19:40:46,923][rest_client.py 95][INFO]: 接口请求params参数>>>>
{
  "shouji": 13371115555,
  "appkey": "9508bd66e49ce0e1"
}
[2023-11-15 19:40:47,080][response_util.py 18][INFO]: 接口的返回内容>>>>{"status": "103", "msg": "APPKEY无请求此数据权限", "result": ""}
[2023-11-15 19:40:47,081][conftest.py 24][INFO]: 测试用例执行完毕！
[2023-11-15 19:43:25,901][conftest.py 22][INFO]: 开始执行测试用例。。。
[2023-11-15 19:43:25,908][rest_client.py 88][INFO]: 接口请求地址>>>>https://api.binstd.com/shouji/query
[2023-11-15 19:43:25,909][rest_client.py 89][INFO]: 接口请求方法>>>>GET
[2023-11-15 19:43:25,909][rest_client.py 96][INFO]: 接口请求params参数>>>>
{
  "shouji": 13371115555,
  "appkey": "9508bd66e49ce0e1"
}
[2023-11-15 19:43:26,021][response_util.py 18][INFO]: 接口的返回内容>>>>{"status": "103", "msg": "APPKEY无请求此数据权限", "result": ""}
[2023-11-15 19:43:26,022][conftest.py 24][INFO]: 测试用例执行完毕！
