[2023-11-20 20:51:27,364][conftest.py 22][INFO]: 开始执行测试用例。。。
[2023-11-20 20:51:27,370][rest_client.py 88][INFO]: 接口请求地址>>>>https://api.binstd.com/shouji/query
[2023-11-20 20:51:27,370][rest_client.py 89][INFO]: 接口请求方法>>>>GET
[2023-11-20 20:51:27,370][rest_client.py 96][INFO]: 接口请求params参数>>>>
{
  "shouji": 13371115555,
  "appkey": "9508bd66e49ce0e1"
}
[2023-11-20 20:51:27,473][response_util.py 18][INFO]: 接口的返回内容>>>>{"status": "103", "msg": "APPKEY无请求此数据权限", "result": ""}
[2023-11-20 20:51:27,653][conftest.py 24][INFO]: 测试用例执行完毕！
[2023-11-20 20:52:11,425][conftest.py 22][INFO]: 开始执行测试用例。。。
[2023-11-20 20:52:11,431][rest_client.py 88][INFO]: 接口请求地址>>>>https://api.binstd.com/shouji/query
[2023-11-20 20:52:11,431][rest_client.py 89][INFO]: 接口请求方法>>>>GET
[2023-11-20 20:52:11,431][rest_client.py 96][INFO]: 接口请求params参数>>>>
{
  "shouji": 13371115555,
  "appkey": "9508bd66e49ce0e1"
}
[2023-11-20 20:52:11,520][response_util.py 18][INFO]: 接口的返回内容>>>>{"status": "103", "msg": "APPKEY无请求此数据权限", "result": ""}
[2023-11-20 20:52:11,521][conftest.py 24][INFO]: 测试用例执行完毕！
[2023-11-20 20:52:23,785][conftest.py 22][INFO]: 开始执行测试用例。。。
[2023-11-20 20:52:23,791][rest_client.py 88][INFO]: 接口请求地址>>>>https://api.binstd.com/shouji/query
[2023-11-20 20:52:23,791][rest_client.py 89][INFO]: 接口请求方法>>>>GET
[2023-11-20 20:52:23,791][rest_client.py 96][INFO]: 接口请求params参数>>>>
{
  "shouji": 13371115555,
  "appkey": "9508bd66e49ce0e1"
}
[2023-11-20 20:52:23,884][response_util.py 18][INFO]: 接口的返回内容>>>>{"status": "103", "msg": "APPKEY无请求此数据权限", "result": ""}
[2023-11-20 20:52:23,885][conftest.py 24][INFO]: 测试用例执行完毕！
[2023-11-20 20:52:23,887][conftest.py 22][INFO]: 开始执行测试用例。。。
[2023-11-20 20:52:23,894][rest_client.py 88][INFO]: 接口请求地址>>>>https://api.binstd.com/shouji/query
[2023-11-20 20:52:23,894][rest_client.py 89][INFO]: 接口请求方法>>>>GET
[2023-11-20 20:52:23,894][rest_client.py 96][INFO]: 接口请求params参数>>>>
{
  "shouji": 13371115555,
  "appkey": "9508bd66e49ce0e1"
}
[2023-11-20 20:52:23,927][response_util.py 18][INFO]: 接口的返回内容>>>>{"status": "103", "msg": "APPKEY无请求此数据权限", "result": ""}
[2023-11-20 20:52:23,928][conftest.py 24][INFO]: 测试用例执行完毕！
[2023-11-20 20:52:23,930][conftest.py 22][INFO]: 开始执行测试用例。。。
[2023-11-20 20:52:23,936][rest_client.py 88][INFO]: 接口请求地址>>>>https://api.binstd.com/shouji/query
[2023-11-20 20:52:23,936][rest_client.py 89][INFO]: 接口请求方法>>>>GET
[2023-11-20 20:52:23,936][rest_client.py 96][INFO]: 接口请求params参数>>>>
{
  "shouji": 13371115555,
  "appkey": "9508bd66e49ce0e1"
}
[2023-11-20 20:52:23,975][response_util.py 18][INFO]: 接口的返回内容>>>>{"status": "103", "msg": "APPKEY无请求此数据权限", "result": ""}
[2023-11-20 20:52:24,155][conftest.py 24][INFO]: 测试用例执行完毕！
[2023-11-20 20:52:24,158][conftest.py 22][INFO]: 开始执行测试用例。。。
[2023-11-20 20:52:24,466][conftest.py 24][INFO]: 测试用例执行完毕！
[2023-11-20 20:52:24,469][conftest.py 22][INFO]: 开始执行测试用例。。。
[2023-11-20 20:52:24,556][conftest.py 24][INFO]: 测试用例执行完毕！
[2023-11-20 20:52:24,558][conftest.py 22][INFO]: 开始执行测试用例。。。
[2023-11-20 20:52:24,644][conftest.py 24][INFO]: 测试用例执行完毕！
[2023-11-20 20:59:07,771][conftest.py 22][INFO]: 开始执行测试用例。。。
[2023-11-20 20:59:07,776][rest_client.py 88][INFO]: 接口请求地址>>>>https://api.binstd.com/shouji/query
[2023-11-20 20:59:07,776][rest_client.py 89][INFO]: 接口请求方法>>>>GET
[2023-11-20 20:59:07,777][rest_client.py 96][INFO]: 接口请求params参数>>>>
{
  "shouji": 13371115555,
  "appkey": "9508bd66e49ce0e1"
}
[2023-11-20 20:59:07,877][response_util.py 18][INFO]: 接口的返回内容>>>>{"status": "103", "msg": "APPKEY无请求此数据权限", "result": ""}
[2023-11-20 20:59:07,877][conftest.py 24][INFO]: 测试用例执行完毕！
[2023-11-20 21:08:38,995][conftest.py 22][INFO]: 开始执行测试用例。。。
[2023-11-20 21:08:39,013][rest_client.py 88][INFO]: 接口请求地址>>>>https://api.binstd.com/shouji/query
[2023-11-20 21:08:39,013][rest_client.py 89][INFO]: 接口请求方法>>>>GET
[2023-11-20 21:08:39,013][rest_client.py 96][INFO]: 接口请求params参数>>>>
{
  "shouji": 13371115555,
  "appkey": "9508bd66e49ce0e1"
}
[2023-11-20 21:08:39,132][response_util.py 18][INFO]: 接口的返回内容>>>>{"status": "103", "msg": "APPKEY无请求此数据权限", "result": ""}
[2023-11-20 21:08:39,133][conftest.py 24][INFO]: 测试用例执行完毕！
